16:09:17 [packages-common] info: 2024-10-31
16:09:17 [packages-common] success: 2024-10-18 23:13:11 trs.auth 2.14.6 by antipov_sv
16:09:39 [eap] success: 2024-10-18 23:13:11 trs.auth 2.14.6 by antipov_sv
16:09:50 [eap] success: 2024-10-18 23:13:11 trs.auth 2.14.6 by antipov_sv
16:09:51 [eap] success: 2024-10-18 23:13:11 trs.auth 2.14.6 by antipov_sv
16:09:58 [packages-common] success: 2024-10-18 23:13:11 trs.auth 2.14.6 by antipov_sv
16:10:13 [packages-common] success: 2024-10-18 23:13:11 trs.auth 2.14.6 by antipov_sv
16:10:14 [packages-common] success: 2024-10-18 23:13:11 trs.auth 2.14.6 by antipov_sv
16:10:19 [packages-common] success: 2024-10-18 23:13:11 trs.auth 2.14.6 by antipov_sv
16:10:20 [packages-common] success: 2024-10-18 23:13:11 trs.auth 2.14.6 by antipov_sv
16:10:28 [eap] success: 2024-10-18 23:13:11 trs.auth 2.14.6 by antipov_sv
16:10:32 [eap] success: 2024-10-18 23:13:11 trs.auth 2.14.6 by antipov_sv
16:10:33 [eap] success: 2024-10-18 23:13:11 trs.auth 2.14.6 by antipov_sv
16:16:55 [packages-common] success: 2024-10-18 23:13:11 trs.auth 2.14.6 by antipov_sv
16:16:55 [packages-common] info: 2024-10-31
16:17:00 [eap] success: 2024-10-18 23:13:11 trs.auth 2.14.6 by antipov_sv
16:17:01 [eap] success: 2024-10-18 23:13:11 trs.auth 2.14.6 by antipov_sv
16:17:09 [eap] error: 2024-10-18 23:13:11 trs.auth 2.14.6 by antipov_sv
16:17:13 [eap] info: 2024-10-18 23:13:11 trs.auth 2.14.6 by antipov_sv
16:17:18 [eap] success: 2024-10-18 23:13:11 trs.auth 2.14.6 by antipov_sv
16:24:58 [packages-common] info: 2024-10-31
16:24:58 [packages-common] success: 2024-10-18 23:13:11 trs.auth 2.14.6 by antipov_sv
16:26:38 [packages-common] info: 2024-10-31
16:26:38 [packages-common] success: 2024-10-18 23:13:11 trs.auth 2.14.6 by antipov_sv
16:26:44 [eap] success: 2024-10-18 23:13:11 trs.auth 2.14.6 by antipov_sv
16:26:46 [eap] success: 2024-10-18 23:13:11 trs.auth 2.14.6 by antipov_sv
16:26:50 [eap] success: 2024-10-18 23:13:11 trs.auth 2.14.6 by antipov_sv
16:26:51 [eap] success: 2024-10-18 23:13:11 trs.auth 2.14.6 by antipov_sv
16:26:52 [eap] success: 2024-10-18 23:13:11 trs.auth 2.14.6 by antipov_sv
16:26:58 [sdk] success: 2024-10-18 23:13:11 trs.auth 2.14.6 by antipov_sv
16:27:02 [eap] success: 2024-10-18 23:13:11 trs.auth 2.14.6 by antipov_sv
